Log file open, 05/18/22 00:06:23
LogWindows: Failed to load 'aqProf.dll' (GetLastError=126)
LogWindows: File 'aqProf.dll' does not exist
LogWindows: Failed to load 'VtuneApi.dll' (GetLastError=126)
LogWindows: File 'VtuneApi.dll' does not exist
LogWindows: Failed to load 'VtuneApi32e.dll' (GetLastError=126)
LogWindows: File 'VtuneApi32e.dll' does not exist
LogConsoleResponse: Display: Failed to find resolution value strings in scalability ini. Falling back to default.
LogInit: Display: Running engine for game: finalproject
LogPlatformFile: Not using cached read wrapper
LogTaskGraph: Started task graph with 5 named threads and 47 total threads with 3 sets of task threads.
LogStats: Stats thread started at 0.064332
LogD3D11RHI: Loaded GFSDK_Aftermath_Lib.x64.dll
LogICUInternationalization: ICU TimeZone Detection - Raw Offset: +0:00, Platform Override: ''
LogPluginManager: Mounting plugin Paper2D
LogPluginManager: Mounting plugin AISupport
LogPluginManager: Mounting plugin LightPropagationVolume
LogPluginManager: Mounting plugin ActorLayerUtilities
LogPluginManager: Mounting plugin AnimationSharing
LogPluginManager: Mounting plugin CLionSourceCodeAccess
LogPluginManager: Mounting plugin CodeLiteSourceCodeAccess
LogPluginManager: Mounting plugin GitSourceControl
LogPluginManager: Mounting plugin KDevelopSourceCodeAccess
LogPluginManager: Mounting plugin NullSourceCodeAccess
LogPluginManager: Mounting plugin PerforceSourceControl
LogPluginManager: Mounting plugin PlasticSourceControl
LogPluginManager: Mounting plugin SubversionSourceControl
LogPluginManager: Mounting plugin UObjectPlugin
LogPluginManager: Mounting plugin VisualStudioCodeSourceCodeAccess
LogPluginManager: Mounting plugin VisualStudioSourceCodeAccess
LogPluginManager: Mounting plugin XCodeSourceCodeAccess
LogPluginManager: Mounting plugin AssetManagerEditor
LogPluginManager: Mounting plugin CryptoKeys
LogPluginManager: Mounting plugin CurveEditorTools
LogPluginManager: Mounting plugin DataValidation
LogPluginManager: Mounting plugin FacialAnimation
LogPluginManager: Mounting plugin GameplayTagsEditor
LogPluginManager: Mounting plugin MacGraphicsSwitching
LogPluginManager: Mounting plugin MaterialAnalyzer
LogPluginManager: Mounting plugin MobileLauncherProfileWizard
LogPluginManager: Mounting plugin PluginBrowser
LogPluginManager: Mounting plugin SpeedTreeImporter
LogPluginManager: Mounting plugin DatasmithContent
LogPluginManager: Mounting plugin VariantManagerContent
LogPluginManager: Mounting plugin AlembicImporter
LogPluginManager: Mounting plugin AutomationUtils
LogPluginManager: Mounting plugin BackChannel
LogPluginManager: Mounting plugin CharacterAI
LogPluginManager: Mounting plugin GeometryCache
LogPluginManager: Mounting plugin PlatformCrypto
LogPluginManager: Mounting plugin ProxyLODPlugin
LogPluginManager: Mounting plugin SkeletalReduction
LogPluginManager: Mounting plugin MagicLeap
LogPluginManager: Mounting plugin MagicLeapMedia
LogPluginManager: Mounting plugin MLSDK
LogPluginManager: Mounting plugin AndroidMedia
LogPluginManager: Mounting plugin AvfMedia
LogPluginManager: Mounting plugin ImgMedia
LogPluginManager: Mounting plugin MediaCompositing
LogPluginManager: Mounting plugin MediaPlayerEditor
LogPluginManager: Mounting plugin WebMMedia
LogPluginManager: Mounting plugin WmfMedia
LogPluginManager: Mounting plugin TcpMessaging
LogPluginManager: Mounting plugin UdpMessaging
LogPluginManager: Mounting plugin ActorSequence
LogPluginManager: Mounting plugin LevelSequenceEditor
LogPluginManager: Mounting plugin MatineeToLevelSequence
LogPluginManager: Mounting plugin NetcodeUnitTest
LogPluginManager: Mounting plugin NUTUnrealEngine4
LogPluginManager: Mounting plugin OnlineSubsystemGooglePlay
LogPluginManager: Mounting plugin OnlineSubsystemIOS
LogPluginManager: Mounting plugin OnlineSubsystem
LogPluginManager: Mounting plugin OnlineSubsystemNull
LogPluginManager: Mounting plugin OnlineSubsystemUtils
LogPluginManager: Mounting plugin LauncherChunkInstaller
LogPluginManager: Mounting plugin AndroidDeviceProfileSelector
LogPluginManager: Mounting plugin AndroidMoviePlayer
LogPluginManager: Mounting plugin AndroidPermission
LogPluginManager: Mounting plugin AppleImageUtils
LogPluginManager: Mounting plugin AppleMoviePlayer
LogPluginManager: Mounting plugin ArchVisCharacter
LogPluginManager: Mounting plugin AssetTags
LogPluginManager: Mounting plugin AudioCapture
LogPluginManager: Mounting plugin CableComponent
LogPluginManager: Mounting plugin CustomMeshComponent
LogPluginManager: Mounting plugin EditableMesh
LogPluginManager: Mounting plugin ExampleDeviceProfileSelector
LogPluginManager: Mounting plugin GoogleCloudMessaging
LogPluginManager: Mounting plugin IOSDeviceProfileSelector
LogPluginManager: Mounting plugin LinuxDeviceProfileSelector
LogPluginManager: Mounting plugin LocationServicesBPLibrary
LogPluginManager: Mounting plugin MobilePatchingUtils
LogPluginManager: Mounting plugin OculusVR
LogPluginManager: Mounting plugin PhysXVehicles
LogPluginManager: Mounting plugin PostSplashScreen
LogPluginManager: Mounting plugin ProceduralMeshComponent
LogPluginManager: Mounting plugin RuntimePhysXCooking
LogPluginManager: Mounting plugin SignificanceManager
LogPluginManager: Mounting plugin SteamVR
LogPluginManager: Mounting plugin WebMMoviePlayer
LogPluginManager: Mounting plugin WindowsMoviePlayer
LogPluginManager: Mounting plugin ScreenshotTools
LogInit: Using libcurl 7.55.1-DEV
LogInit:  - built for x86_64-pc-win32
LogInit:  - supports SSL with OpenSSL/1.1.1
LogInit:  - supports HTTP deflate (compression) using libz 1.2.8
LogInit:  - other features:
LogInit:      CURL_VERSION_SSL
LogInit:      CURL_VERSION_LIBZ
LogInit:      CURL_VERSION_IPV6
LogInit:      CURL_VERSION_ASYNCHDNS
LogInit:      CURL_VERSION_LARGEFILE
LogInit:      CURL_VERSION_IDN
LogInit:  CurlRequestOptions (configurable via config and command line):
LogInit:  - bVerifyPeer = true  - Libcurl will verify peer certificate
LogInit:  - bUseHttpProxy = false  - Libcurl will NOT use HTTP proxy
LogInit:  - bDontReuseConnections = false  - Libcurl will reuse connections
LogInit:  - MaxHostConnections = 16  - Libcurl will limit the number of connections to a host
LogInit:  - LocalHostAddr = Default
LogInit:  - BufferSize = 65536
LogOnline: OSS: Creating online subsystem instance for: NULL
LogInit: WinSock: version 1.1 (2.2), MaxSocks=32767, MaxUdp=65467
LogOnline: OSS: TryLoadSubsystemAndSetDefault: Loaded subsystem for module [NULL]
LogHMD: Failed initializing OVRPlugin 1.40.0
LogInit: Build: ++UE4+Release-4.24-CL-11590370
LogInit: Engine Version: 4.24.3-11590370+++UE4+Release-4.24
LogInit: Compatible Engine Version: 4.24.0-10570792+++UE4+Release-4.24
LogInit: Net CL: 10570792
LogInit: OS: Windows 10 (Release 2009) (), CPU: AMD Ryzen 9 4900HS with Radeon Graphics         , GPU: AMD Radeon(TM) Graphics
LogInit: Compiled (64-bit): Feb 24 2020 15:39:18
LogInit: Compiled with Visual C++: 19.16.27032.01
LogInit: Build Configuration: Development
LogInit: Branch Name: ++UE4+Release-4.24
LogInit: Command Line: 
LogInit: Base Directory: C:/Program Files/Epic Games/UE_4.24/Engine/Binaries/Win64/
LogInit: Installed Engine Build: 1
LogDevObjectVersion: Number of dev versions registered: 25
LogDevObjectVersion:   Dev-Blueprints (B0D832E4-1F89-4F0D-ACCF-7EB736FD4AA2): 10
LogDevObjectVersion:   Dev-Build (E1C64328-A22C-4D53-A36C-8E866417BD8C): 0
LogDevObjectVersion:   Dev-Core (375EC13C-06E4-48FB-B500-84F0262A717E): 3
LogDevObjectVersion:   Dev-Editor (E4B068ED-F494-42E9-A231-DA0B2E46BB41): 37
LogDevObjectVersion:   Dev-Framework (CFFC743F-43B0-4480-9391-14DF171D2073): 36
LogDevObjectVersion:   Dev-Mobile (B02B49B5-BB20-44E9-A304-32B752E40360): 2
LogDevObjectVersion:   Dev-Networking (A4E4105C-59A1-49B5-A7C5-40C4547EDFEE): 0
LogDevObjectVersion:   Dev-Online (39C831C9-5AE6-47DC-9A44-9C173E1C8E7C): 0
LogDevObjectVersion:   Dev-Physics (78F01B33-EBEA-4F98-B9B4-84EACCB95AA2): 2
LogDevObjectVersion:   Dev-Platform (6631380F-2D4D-43E0-8009-CF276956A95A): 0
LogDevObjectVersion:   Dev-Rendering (12F88B9F-8875-4AFC-A67C-D90C383ABD29): 36
LogDevObjectVersion:   Dev-Sequencer (7B5AE74C-D270-4C10-A958-57980B212A5A): 11
LogDevObjectVersion:   Dev-VR (D7296918-1DD6-4BDD-9DE2-64A83CC13884): 2
LogDevObjectVersion:   Dev-LoadTimes (C2A15278-BFE7-4AFE-6C17-90FF531DF755): 1
LogDevObjectVersion:   Private-Geometry (6EACA3D4-40EC-4CC1-B786-8BED09428FC5): 3
LogDevObjectVersion:   Dev-AnimPhys (29E575DD-E0A3-4627-9D10-D276232CDCEA): 17
LogDevObjectVersion:   Dev-Anim (AF43A65D-7FD3-4947-9873-3E8ED9C1BB05): 2
LogDevObjectVersion:   Dev-ReflectionCapture (6B266CEC-1EC7-4B8F-A30B-E4D90942FC07): 1
LogDevObjectVersion:   Dev-Automation (0DF73D61-A23F-47EA-B727-89E90C41499A): 1
LogDevObjectVersion:   FortniteMain (601D1886-AC64-4F84-AA16-D3DE0DEAC7D6): 31
LogDevObjectVersion:   Dev-Enterprise (9DFFBCD6-494F-0158-E221-12823C92A888): 8
LogDevObjectVersion:   Dev-Niagara (F2AED0AC-9AFE-416F-8664-AA7FFA26D6FC): 1
LogDevObjectVersion:   Dev-Destruction (174F1F0B-B4C6-45A5-B13F-2EE8D0FB917D): 9
LogDevObjectVersion:   Dev-Physics-Ext (35F94A83-E258-406C-A318-09F59610247C): 8
LogDevObjectVersion:   Dev-CineCamera (B2E18506-4273-CFC2-A54E-F4BB758BBA07): 1
LogInit: Presizing for max 25165824 objects, including 0 objects not considered by GC, pre-allocating 0 bytes for permanent pool.
LogInit: Object subsystem initialized
LogConfig: Setting CVar [[con.DebugEarlyDefault:1]]
LogConfig: Setting CVar [[r.setres:1280x720]]
[2022.05.18-00.06.24:190][  0]LogConfig: Setting CVar [[r.VSync:0]]
[2022.05.18-00.06.24:190][  0]LogConfig: Setting CVar [[r.RHICmdBypass:0]]
[2022.05.18-00.06.24:190][  0]LogConfig: Applying CVar settings from Section [/Script/Engine.RendererSettings] File [D:/Game_Design/goldsmiths class works/term2/game design/github/final_project_game_engine/finalproject/Saved/Config/Windows/Engine.ini]
[2022.05.18-00.06.24:190][  0]LogConfig: Setting CVar [[r.GPUCrashDebugging:0]]
[2022.05.18-00.06.24:190][  0]LogConfig: Applying CVar settings from Section [/Script/Engine.RendererOverrideSettings] File [D:/Game_Design/goldsmiths class works/term2/game design/github/final_project_game_engine/finalproject/Saved/Config/Windows/Engine.ini]
[2022.05.18-00.06.24:190][  0]LogConfig: Applying CVar settings from Section [/Script/Engine.StreamingSettings] File [D:/Game_Design/goldsmiths class works/term2/game design/github/final_project_game_engine/finalproject/Saved/Config/Windows/Engine.ini]
[2022.05.18-00.06.24:190][  0]LogConfig: Setting CVar [[s.MinBulkDataSizeForAsyncLoading:131072]]
[2022.05.18-00.06.24:190][  0]LogConfig: Setting CVar [[s.AsyncLoadingThreadEnabled:0]]
[2022.05.18-00.06.24:190][  0]LogConfig: Setting CVar [[s.EventDrivenLoaderEnabled:1]]
[2022.05.18-00.06.24:190][  0]LogConfig: Setting CVar [[s.WarnIfTimeLimitExceeded:0]]
[2022.05.18-00.06.24:190][  0]LogConfig: Setting CVar [[s.TimeLimitExceededMultiplier:1.5]]
[2022.05.18-00.06.24:190][  0]LogConfig: Setting CVar [[s.TimeLimitExceededMinTime:0.005]]
[2022.05.18-00.06.24:190][  0]LogConfig: Setting CVar [[s.UseBackgroundLevelStreaming:1]]
[2022.05.18-00.06.24:190][  0]LogConfig: Setting CVar [[s.PriorityAsyncLoadingExtraTime:15.0]]
[2022.05.18-00.06.24:190][  0]LogConfig: Setting CVar [[s.LevelStreamingActorsUpdateTimeLimit:5.0]]
[2022.05.18-00.06.24:190][  0]LogConfig: Setting CVar [[s.PriorityLevelStreamingActorsUpdateExtraTime:5.0]]
[2022.05.18-00.06.24:190][  0]LogConfig: Setting CVar [[s.LevelStreamingComponentsRegistrationGranularity:10]]
[2022.05.18-00.06.24:190][  0]LogConfig: Setting CVar [[s.UnregisterComponentsTimeLimit:1.0]]
[2022.05.18-00.06.24:190][  0]LogConfig: Setting CVar [[s.LevelStreamingComponentsUnregistrationGranularity:5]]
[2022.05.18-00.06.24:190][  0]LogConfig: Setting CVar [[s.FlushStreamingOnExit:1]]
[2022.05.18-00.06.24:190][  0]LogConfig: Applying CVar settings from Section [/Script/Engine.GarbageCollectionSettings] File [D:/Game_Design/goldsmiths class works/term2/game design/github/final_project_game_engine/finalproject/Saved/Config/Windows/Engine.ini]
[2022.05.18-00.06.24:190][  0]LogConfig: Setting CVar [[gc.MaxObjectsNotConsideredByGC:1]]
[2022.05.18-00.06.24:190][  0]LogConfig: Setting CVar [[gc.SizeOfPermanentObjectPool:0]]
[2022.05.18-00.06.24:190][  0]LogConfig: Setting CVar [[gc.FlushStreamingOnGC:0]]
[2022.05.18-00.06.24:190][  0]LogConfig: Setting CVar [[gc.NumRetriesBeforeForcingGC:10]]
[2022.05.18-00.06.24:190][  0]LogConfig: Setting CVar [[gc.AllowParallelGC:1]]
[2022.05.18-00.06.24:190][  0]LogConfig: Setting CVar [[gc.TimeBetweenPurgingPendingKillObjects:61.1]]
[2022.05.18-00.06.24:190][  0]LogConfig: Setting CVar [[gc.MaxObjectsInEditor:25165824]]
[2022.05.18-00.06.24:190][  0]LogConfig: Setting CVar [[gc.IncrementalBeginDestroyEnabled:1]]
[2022.05.18-00.06.24:190][  0]LogConfig: Setting CVar [[gc.CreateGCClusters:1]]
[2022.05.18-00.06.24:190][  0]LogConfig: Setting CVar [[gc.MinGCClusterSize:5]]
[2022.05.18-00.06.24:190][  0]LogConfig: Setting CVar [[gc.ActorClusteringEnabled:0]]
[2022.05.18-00.06.24:190][  0]LogConfig: Setting CVar [[gc.BlueprintClusteringEnabled:0]]
[2022.05.18-00.06.24:190][  0]LogConfig: Setting CVar [[gc.UseDisregardForGCOnDedicatedServers:0]]
[2022.05.18-00.06.24:190][  0]LogConfig: Applying CVar settings from Section [/Script/Engine.NetworkSettings] File [D:/Game_Design/goldsmiths class works/term2/game design/github/final_project_game_engine/finalproject/Saved/Config/Windows/Engine.ini]
[2022.05.18-00.06.24:190][  0]LogConfig: Applying CVar settings from Section [/Script/UnrealEd.CookerSettings] File [D:/Game_Design/goldsmiths class works/term2/game design/github/final_project_game_engine/finalproject/Saved/Config/Windows/Engine.ini]
[2022.05.18-00.06.24:192][  0]LogConfig: Applying CVar settings from Section [ViewDistanceQuality@3] File [D:/Game_Design/goldsmiths class works/term2/game design/github/final_project_game_engine/finalproject/Saved/Config/Windows/Scalability.ini]
[2022.05.18-00.06.24:192][  0]LogConfig: Setting CVar [[r.SkeletalMeshLODBias:0]]
[2022.05.18-00.06.24:192][  0]LogConfig: Setting CVar [[r.ViewDistanceScale:1.0]]
[2022.05.18-00.06.24:192][  0]LogConfig: Applying CVar settings from Section [AntiAliasingQuality@3] File [D:/Game_Design/goldsmiths class works/term2/game design/github/final_project_game_engine/finalproject/Saved/Config/Windows/Scalability.ini]
[2022.05.18-00.06.24:192][  0]LogConfig: Setting CVar [[r.PostProcessAAQuality:4]]
[2022.05.18-00.06.24:192][  0]LogConfig: Applying CVar settings from Section [ShadowQuality@3] File [D:/Game_Design/goldsmiths class works/term2/game design/github/final_project_game_engine/finalproject/Saved/Config/Windows/Scalability.ini]
[2022.05.18-00.06.24:192][  0]LogConfig: Setting CVar [[r.LightFunctionQuality:1]]
[2022.05.18-00.06.24:192][  0]LogConfig: Setting CVar [[r.ShadowQuality:5]]
[2022.05.18-00.06.24:192][  0]LogConfig: Setting CVar [[r.Shadow.CSM.MaxCascades:10]]
[2022.05.18-00.06.24:192][  0]LogConfig: Setting CVar [[r.Shadow.MaxResolution:2048]]
[2022.05.18-00.06.24:192][  0]LogConfig: Setting CVar [[r.Shadow.MaxCSMResolution:2048]]
[2022.05.18-00.06.24:192][  0]LogConfig: Setting CVar [[r.Shadow.RadiusThreshold:0.01]]
[2022.05.18-00.06.24:192][  0]LogConfig: Setting CVar [[r.Shadow.DistanceScale:1.0]]
[2022.05.18-00.06.24:192][  0]LogConfig: Setting CVar [[r.Shadow.CSM.TransitionScale:1.0]]
[2022.05.18-00.06.24:192][  0]LogConfig: Setting CVar [[r.Shadow.PreShadowResolutionFactor:1.0]]
[2022.05.18-00.06.24:192][  0]LogConfig: Setting CVar [[r.DistanceFieldShadowing:1]]
[2022.05.18-00.06.24:192][  0]LogConfig: Setting CVar [[r.DistanceFieldAO:1]]
[2022.05.18-00.06.24:192][  0]LogConfig: Setting CVar [[r.AOQuality:2]]
[2022.05.18-00.06.24:192][  0]LogConfig: Setting CVar [[r.VolumetricFog:1]]
[2022.05.18-00.06.24:192][  0]LogConfig: Setting CVar [[r.VolumetricFog.GridPixelSize:8]]
[2022.05.18-00.06.24:192][  0]LogConfig: Setting CVar [[r.VolumetricFog.GridSizeZ:128]]
[2022.05.18-00.06.24:192][  0]LogConfig: Setting CVar [[r.VolumetricFog.HistoryMissSupersampleCount:4]]
[2022.05.18-00.06.24:192][  0]LogConfig: Setting CVar [[r.LightMaxDrawDistanceScale:1]]
[2022.05.18-00.06.24:192][  0]LogConfig: Setting CVar [[r.CapsuleShadows:1]]
[2022.05.18-00.06.24:192][  0]LogConfig: Applying CVar settings from Section [PostProcessQuality@3] File [D:/Game_Design/goldsmiths class works/term2/game design/github/final_project_game_engine/finalproject/Saved/Config/Windows/Scalability.ini]
[2022.05.18-00.06.24:192][  0]LogConfig: Setting CVar [[r.MotionBlurQuality:4]]
[2022.05.18-00.06.24:192][  0]LogConfig: Setting CVar [[r.AmbientOcclusionMipLevelFactor:0.4]]
[2022.05.18-00.06.24:192][  0]LogConfig: Setting CVar [[r.AmbientOcclusionMaxQuality:100]]
[2022.05.18-00.06.24:192][  0]LogConfig: Setting CVar [[r.AmbientOcclusionLevels:-1]]
[2022.05.18-00.06.24:192][  0]LogConfig: Setting CVar [[r.AmbientOcclusionRadiusScale:1.0]]
[2022.05.18-00.06.24:192][  0]LogConfig: Setting CVar [[r.DepthOfFieldQuality:2]]
[2022.05.18-00.06.24:192][  0]LogConfig: Setting CVar [[r.RenderTargetPoolMin:400]]
[2022.05.18-00.06.24:192][  0]LogConfig: Setting CVar [[r.LensFlareQuality:2]]
[2022.05.18-00.06.24:192][  0]LogConfig: Setting CVar [[r.SceneColorFringeQuality:1]]
[2022.05.18-00.06.24:192][  0]LogConfig: Setting CVar [[r.EyeAdaptationQuality:2]]
[2022.05.18-00.06.24:192][  0]LogConfig: Setting CVar [[r.BloomQuality:5]]
[2022.05.18-00.06.24:192][  0]LogConfig: Setting CVar [[r.FastBlurThreshold:100]]
[2022.05.18-00.06.24:192][  0]LogConfig: Setting CVar [[r.Upscale.Quality:3]]
[2022.05.18-00.06.24:192][  0]LogConfig: Setting CVar [[r.Tonemapper.GrainQuantization:1]]
[2022.05.18-00.06.24:192][  0]LogConfig: Setting CVar [[r.LightShaftQuality:1]]
[2022.05.18-00.06.24:192][  0]LogConfig: Setting CVar [[r.Filter.SizeScale:1]]
[2022.05.18-00.06.24:192][  0]LogConfig: Setting CVar [[r.Tonemapper.Quality:5]]
[2022.05.18-00.06.24:192][  0]LogConfig: Setting CVar [[r.DOF.Gather.AccumulatorQuality:1        ; higher gathering accumulator quality]]
[2022.05.18-00.06.24:192][  0]LogConfig: Setting CVar [[r.DOF.Gather.PostfilterMethod:1          ; Median3x3 postfilering method]]
[2022.05.18-00.06.24:192][  0]LogConfig: Setting CVar [[r.DOF.Gather.EnableBokehSettings:0       ; no bokeh simulation when gathering]]
[2022.05.18-00.06.24:192][  0]LogConfig: Setting CVar [[r.DOF.Gather.RingCount:4                 ; medium number of samples when gathering]]
[2022.05.18-00.06.24:193][  0]LogConfig: Setting CVar [[r.DOF.Scatter.ForegroundCompositing:1    ; additive foreground scattering]]
[2022.05.18-00.06.24:193][  0]LogConfig: Setting CVar [[r.DOF.Scatter.BackgroundCompositing:2    ; additive background scattering]]
[2022.05.18-00.06.24:193][  0]LogConfig: Setting CVar [[r.DOF.Scatter.EnableBokehSettings:1      ; bokeh simulation when scattering]]
[2022.05.18-00.06.24:193][  0]LogConfig: Setting CVar [[r.DOF.Scatter.MaxSpriteRatio:0.1         ; only a maximum of 10% of scattered bokeh]]
[2022.05.18-00.06.24:193][  0]LogConfig: Setting CVar [[r.DOF.Recombine.Quality:1                ; cheap slight out of focus]]
[2022.05.18-00.06.24:193][  0]LogConfig: Setting CVar [[r.DOF.Recombine.EnableBokehSettings:0    ; no bokeh simulation on slight out of focus]]
[2022.05.18-00.06.24:193][  0]LogConfig: Setting CVar [[r.DOF.TemporalAAQuality:1                ; more stable temporal accumulation]]
[2022.05.18-00.06.24:193][  0]LogConfig: Setting CVar [[r.DOF.Kernel.MaxForegroundRadius:0.025]]
[2022.05.18-00.06.24:193][  0]LogConfig: Setting CVar [[r.DOF.Kernel.MaxBackgroundRadius:0.025]]
[2022.05.18-00.06.24:193][  0]LogConfig: Applying CVar settings from Section [TextureQuality@3] File [D:/Game_Design/goldsmiths class works/term2/game design/github/final_project_game_engine/finalproject/Saved/Config/Windows/Scalability.ini]
[2022.05.18-00.06.24:193][  0]LogConfig: Setting CVar [[r.Streaming.MipBias:0]]
[2022.05.18-00.06.24:193][  0]LogConfig: Setting CVar [[r.Streaming.AmortizeCPUToGPUCopy:0]]
[2022.05.18-00.06.24:193][  0]LogConfig: Setting CVar [[r.Streaming.MaxNumTexturesToStreamPerFrame:0]]
[2022.05.18-00.06.24:193][  0]LogConfig: Setting CVar [[r.Streaming.Boost:1]]
[2022.05.18-00.06.24:193][  0]LogConfig: Setting CVar [[r.MaxAnisotropy:8]]
[2022.05.18-00.06.24:193][  0]LogConfig: Setting CVar [[r.VT.MaxAnisotropy:8]]
[2022.05.18-00.06.24:193][  0]LogConfig: Setting CVar [[r.Streaming.LimitPoolSizeToVRAM:0]]
[2022.05.18-00.06.24:193][  0]LogConfig: Setting CVar [[r.Streaming.PoolSize:1000]]
[2022.05.18-00.06.24:193][  0]LogConfig: Setting CVar [[r.Streaming.MaxEffectiveScreenSize:0]]
[2022.05.18-00.06.24:193][  0]LogConfig: Applying CVar settings from Section [EffectsQuality@3] File [D:/Game_Design/goldsmiths class works/term2/game design/github/final_project_game_engine/finalproject/Saved/Config/Windows/Scalability.ini]
[2022.05.18-00.06.24:193][  0]LogConfig: Setting CVar [[r.TranslucencyLightingVolumeDim:64]]
[2022.05.18-00.06.24:193][  0]LogConfig: Setting CVar [[r.RefractionQuality:2]]
[2022.05.18-00.06.24:193][  0]LogConfig: Setting CVar [[r.SSR.Quality:3]]
[2022.05.18-00.06.24:193][  0]LogConfig: Setting CVar [[r.SSR.HalfResSceneColor:0]]
[2022.05.18-00.06.24:193][  0]LogConfig: Setting CVar [[r.SceneColorFormat:4]]
[2022.05.18-00.06.24:193][  0]LogConfig: Setting CVar [[r.DetailMode:2]]
[2022.05.18-00.06.24:193][  0]LogConfig: Setting CVar [[r.TranslucencyVolumeBlur:1]]
[2022.05.18-00.06.24:193][  0]LogConfig: Setting CVar [[r.MaterialQualityLevel:1 ; High quality]]
[2022.05.18-00.06.24:193][  0]LogConfig: Setting CVar [[r.SSS.Scale:1]]
[2022.05.18-00.06.24:193][  0]LogConfig: Setting CVar [[r.SSS.SampleSet:2]]
[2022.05.18-00.06.24:193][  0]LogConfig: Setting CVar [[r.SSS.Quality:1]]
[2022.05.18-00.06.24:193][  0]LogConfig: Setting CVar [[r.SSS.HalfRes:1]]
[2022.05.18-00.06.24:193][  0]LogConfig: Setting CVar [[r.SSGI.Quality:3]]
[2022.05.18-00.06.24:193][  0]LogConfig: Setting CVar [[r.EmitterSpawnRateScale:1.0]]
[2022.05.18-00.06.24:193][  0]LogConfig: Setting CVar [[r.ParticleLightQuality:2]]
[2022.05.18-00.06.24:193][  0]LogConfig: Setting CVar [[r.SkyAtmosphere.AerialPerspectiveLUT.FastApplyOnOpaque:1 ; Always have FastSkyLUT 1 in this case to avoid wrong sky]]
[2022.05.18-00.06.24:193][  0]LogConfig: Setting CVar [[r.SkyAtmosphere.AerialPerspectiveLUT.SampleCountPerSlice:1]]
[2022.05.18-00.06.24:193][  0]LogConfig: Setting CVar [[r.SkyAtmosphere.AerialPerspectiveLUT.DepthResolution:16.0]]
[2022.05.18-00.06.24:193][  0]LogConfig: Setting CVar [[r.SkyAtmosphere.FastSkyLUT:1]]
[2022.05.18-00.06.24:193][  0]LogConfig: Setting CVar [[r.SkyAtmosphere.FastSkyLUT.SampleCountMin:4.0]]
[2022.05.18-00.06.24:193][  0]LogConfig: Setting CVar [[r.SkyAtmosphere.FastSkyLUT.SampleCountMax:32.0]]
[2022.05.18-00.06.24:193][  0]LogConfig: Setting CVar [[r.SkyAtmosphere.SampleCountMin:4.0]]
[2022.05.18-00.06.24:193][  0]LogConfig: Setting CVar [[r.SkyAtmosphere.SampleCountMax:32.0]]
[2022.05.18-00.06.24:193][  0]LogConfig: Setting CVar [[r.SkyAtmosphere.TransmittanceLUT.UseSmallFormat:0]]
[2022.05.18-00.06.24:193][  0]LogConfig: Setting CVar [[r.SkyAtmosphere.TransmittanceLUT.SampleCount:10.0]]
[2022.05.18-00.06.24:193][  0]LogConfig: Setting CVar [[r.SkyAtmosphere.MultiScatteringLUT.SampleCount:15.0]]
[2022.05.18-00.06.24:193][  0]LogConfig: Applying CVar settings from Section [FoliageQuality@3] File [D:/Game_Design/goldsmiths class works/term2/game design/github/final_project_game_engine/finalproject/Saved/Config/Windows/Scalability.ini]
[2022.05.18-00.06.24:193][  0]LogConfig: Setting CVar [[foliage.DensityScale:1.0]]
[2022.05.18-00.06.24:193][  0]LogConfig: Setting CVar [[grass.DensityScale:1.0]]
[2022.05.18-00.06.24:193][  0]LogConfig: Applying CVar settings from Section [ShadingQuality@3] File [D:/Game_Design/goldsmiths class works/term2/game design/github/final_project_game_engine/finalproject/Saved/Config/Windows/Scalability.ini]
[2022.05.18-00.06.24:193][  0]LogConfig: Setting CVar [[r.HairStrands.SkyLighting.SampleCount:16]]
[2022.05.18-00.06.24:193][  0]LogConfig: Setting CVar [[r.HairStrands.SkyLighting.JitterIntegration:0]]
[2022.05.18-00.06.24:193][  0]LogConfig: Setting CVar [[r.HairStrands.SkyAO.SampleCount:16]]
[2022.05.18-00.06.24:193][  0]LogInit: Selected Device Profile: [Windows]
[2022.05.18-00.06.24:193][  0]LogInit: Applying CVar settings loaded from the selected device profile: [Windows]
[2022.05.18-00.06.24:198][  0]LogHAL: Display: Platform has ~ 32 GB [33736458240 / 34359738368 / 32], which maps to Largest [LargestMinGB=32, LargerMinGB=12, DefaultMinGB=8, SmallerMinGB=6, SmallestMinGB=0)
[2022.05.18-00.06.24:198][  0]LogInit: Going up to parent DeviceProfile []
[2022.05.18-00.06.24:198][  0]LogConfig: Applying CVar settings from Section [ViewDistanceQuality@3] File [D:/Game_Design/goldsmiths class works/term2/game design/github/final_project_game_engine/finalproject/Saved/Config/Windows/Scalability.ini]
[2022.05.18-00.06.24:198][  0]LogConfig: Setting CVar [[r.SkeletalMeshLODBias:0]]
[2022.05.18-00.06.24:198][  0]LogConfig: Setting CVar [[r.ViewDistanceScale:1.0]]
[2022.05.18-00.06.24:198][  0]LogConfig: Applying CVar settings from Section [AntiAliasingQuality@3] File [D:/Game_Design/goldsmiths class works/term2/game design/github/final_project_game_engine/finalproject/Saved/Config/Windows/Scalability.ini]
[2022.05.18-00.06.24:198][  0]LogConfig: Setting CVar [[r.PostProcessAAQuality:4]]
[2022.05.18-00.06.24:198][  0]LogConfig: Applying CVar settings from Section [ShadowQuality@3] File [D:/Game_Design/goldsmiths class works/term2/game design/github/final_project_game_engine/finalproject/Saved/Config/Windows/Scalability.ini]
[2022.05.18-00.06.24:198][  0]LogConfig: Setting CVar [[r.LightFunctionQuality:1]]
[2022.05.18-00.06.24:198][  0]LogConfig: Setting CVar [[r.ShadowQuality:5]]
[2022.05.18-00.06.24:198][  0]LogConfig: Setting CVar [[r.Shadow.CSM.MaxCascades:10]]
[2022.05.18-00.06.24:198][  0]LogConfig: Setting CVar [[r.Shadow.MaxResolution:2048]]
[2022.05.18-00.06.24:198][  0]LogConfig: Setting CVar [[r.Shadow.MaxCSMResolution:2048]]
[2022.05.18-00.06.24:198][  0]LogConfig: Setting CVar [[r.Shadow.RadiusThreshold:0.01]]
[2022.05.18-00.06.24:198][  0]LogConfig: Setting CVar [[r.Shadow.DistanceScale:1.0]]
[2022.05.18-00.06.24:198][  0]LogConfig: Setting CVar [[r.Shadow.CSM.TransitionScale:1.0]]
[2022.05.18-00.06.24:198][  0]LogConfig: Setting CVar [[r.Shadow.PreShadowResolutionFactor:1.0]]
[2022.05.18-00.06.24:198][  0]LogConfig: Setting CVar [[r.DistanceFieldShadowing:1]]
[2022.05.18-00.06.24:198][  0]LogConfig: Setting CVar [[r.DistanceFieldAO:1]]
[2022.05.18-00.06.24:198][  0]LogConfig: Setting CVar [[r.AOQuality:2]]
[2022.05.18-00.06.24:198][  0]LogConfig: Setting CVar [[r.VolumetricFog:1]]
[2022.05.18-00.06.24:198][  0]LogConfig: Setting CVar [[r.VolumetricFog.GridPixelSize:8]]
[2022.05.18-00.06.24:198][  0]LogConfig: Setting CVar [[r.VolumetricFog.GridSizeZ:128]]
[2022.05.18-00.06.24:198][  0]LogConfig: Setting CVar [[r.VolumetricFog.HistoryMissSupersampleCount:4]]
[2022.05.18-00.06.24:198][  0]LogConfig: Setting CVar [[r.LightMaxDrawDistanceScale:1]]
[2022.05.18-00.06.24:198][  0]LogConfig: Setting CVar [[r.CapsuleShadows:1]]
[2022.05.18-00.06.24:198][  0]LogConfig: Applying CVar settings from Section [PostProcessQuality@3] File [D:/Game_Design/goldsmiths class works/term2/game design/github/final_project_game_engine/finalproject/Saved/Config/Windows/Scalability.ini]
[2022.05.18-00.06.24:198][  0]LogConfig: Setting CVar [[r.MotionBlurQuality:4]]
[2022.05.18-00.06.24:198][  0]LogConfig: Setting CVar [[r.AmbientOcclusionMipLevelFactor:0.4]]
[2022.05.18-00.06.24:198][  0]LogConfig: Setting CVar [[r.AmbientOcclusionMaxQuality:100]]
[2022.05.18-00.06.24:198][  0]LogConfig: Setting CVar [[r.AmbientOcclusionLevels:-1]]
[2022.05.18-00.06.24:198][  0]LogConfig: Setting CVar [[r.AmbientOcclusionRadiusScale:1.0]]
[2022.05.18-00.06.24:198][  0]LogConfig: Setting CVar [[r.DepthOfFieldQuality:2]]
[2022.05.18-00.06.24:198][  0]LogConfig: Setting CVar [[r.RenderTargetPoolMin:400]]
[2022.05.18-00.06.24:198][  0]LogConfig: Setting CVar [[r.LensFlareQuality:2]]
[2022.05.18-00.06.24:198][  0]LogConfig: Setting CVar [[r.SceneColorFringeQuality:1]]
[2022.05.18-00.06.24:198][  0]LogConfig: Setting CVar [[r.EyeAdaptationQuality:2]]
[2022.05.18-00.06.24:198][  0]LogConfig: Setting CVar [[r.BloomQuality:5]]
[2022.05.18-00.06.24:198][  0]LogConfig: Setting CVar [[r.FastBlurThreshold:100]]
[2022.05.18-00.06.24:198][  0]LogConfig: Setting CVar [[r.Upscale.Quality:3]]
[2022.05.18-00.06.24:198][  0]LogConfig: Setting CVar [[r.Tonemapper.GrainQuantization:1]]
[2022.05.18-00.06.24:198][  0]LogConfig: Setting CVar [[r.LightShaftQuality:1]]
[2022.05.18-00.06.24:198][  0]LogConfig: Setting CVar [[r.Filter.SizeScale:1]]
[2022.05.18-00.06.24:198][  0]LogConfig: Setting CVar [[r.Tonemapper.Quality:5]]
[2022.05.18-00.06.24:198][  0]LogConfig: Setting CVar [[r.DOF.Gather.AccumulatorQuality:1        ; higher gathering accumulator quality]]
[2022.05.18-00.06.24:198][  0]LogConfig: Setting CVar [[r.DOF.Gather.PostfilterMethod:1          ; Median3x3 postfilering method]]
[2022.05.18-00.06.24:198][  0]LogConfig: Setting CVar [[r.DOF.Gather.EnableBokehSettings:0       ; no bokeh simulation when gathering]]
[2022.05.18-00.06.24:198][  0]LogConfig: Setting CVar [[r.DOF.Gather.RingCount:4                 ; medium number of samples when gathering]]
[2022.05.18-00.06.24:198][  0]LogConfig: Setting CVar [[r.DOF.Scatter.ForegroundCompositing:1    ; additive foreground scattering]]
[2022.05.18-00.06.24:198][  0]LogConfig: Setting CVar [[r.DOF.Scatter.BackgroundCompositing:2    ; additive background scattering]]
[2022.05.18-00.06.24:198][  0]LogConfig: Setting CVar [[r.DOF.Scatter.EnableBokehSettings:1      ; bokeh simulation when scattering]]
[2022.05.18-00.06.24:198][  0]LogConfig: Setting CVar [[r.DOF.Scatter.MaxSpriteRatio:0.1         ; only a maximum of 10% of scattered bokeh]]
[2022.05.18-00.06.24:198][  0]LogConfig: Setting CVar [[r.DOF.Recombine.Quality:1                ; cheap slight out of focus]]
[2022.05.18-00.06.24:198][  0]LogConfig: Setting CVar [[r.DOF.Recombine.EnableBokehSettings:0    ; no bokeh simulation on slight out of focus]]
[2022.05.18-00.06.24:198][  0]LogConfig: Setting CVar [[r.DOF.TemporalAAQuality:1                ; more stable temporal accumulation]]
[2022.05.18-00.06.24:198][  0]LogConfig: Setting CVar [[r.DOF.Kernel.MaxForegroundRadius:0.025]]
[2022.05.18-00.06.24:198][  0]LogConfig: Setting CVar [[r.DOF.Kernel.MaxBackgroundRadius:0.025]]
[2022.05.18-00.06.24:198][  0]LogConfig: Applying CVar settings from Section [TextureQuality@3] File [D:/Game_Design/goldsmiths class works/term2/game design/github/final_project_game_engine/finalproject/Saved/Config/Windows/Scalability.ini]
[2022.05.18-00.06.24:198][  0]LogConfig: Setting CVar [[r.Streaming.MipBias:0]]
[2022.05.18-00.06.24:198][  0]LogConfig: Setting CVar [[r.Streaming.AmortizeCPUToGPUCopy:0]]
[2022.05.18-00.06.24:198][  0]LogConfig: Setting CVar [[r.Streaming.MaxNumTexturesToStreamPerFrame:0]]
[2022.05.18-00.06.24:198][  0]LogConfig: Setting CVar [[r.Streaming.Boost:1]]
[2022.05.18-00.06.24:198][  0]LogConfig: Setting CVar [[r.MaxAnisotropy:8]]
[2022.05.18-00.06.24:198][  0]LogConfig: Setting CVar [[r.VT.MaxAnisotropy:8]]
[2022.05.18-00.06.24:198][  0]LogConfig: Setting CVar [[r.Streaming.LimitPoolSizeToVRAM:0]]
[2022.05.18-00.06.24:198][  0]LogConfig: Setting CVar [[r.Streaming.PoolSize:1000]]
[2022.05.18-00.06.24:198][  0]LogConfig: Setting CVar [[r.Streaming.MaxEffectiveScreenSize:0]]
[2022.05.18-00.06.24:198][  0]LogConfig: Applying CVar settings from Section [EffectsQuality@3] File [D:/Game_Design/goldsmiths class works/term2/game design/github/final_project_game_engine/finalproject/Saved/Config/Windows/Scalability.ini]
[2022.05.18-00.06.24:198][  0]LogConfig: Setting CVar [[r.TranslucencyLightingVolumeDim:64]]
[2022.05.18-00.06.24:198][  0]LogConfig: Setting CVar [[r.RefractionQuality:2]]
[2022.05.18-00.06.24:198][  0]LogConfig: Setting CVar [[r.SSR.Quality:3]]
[2022.05.18-00.06.24:198][  0]LogConfig: Setting CVar [[r.SSR.HalfResSceneColor:0]]
[2022.05.18-00.06.24:198][  0]LogConfig: Setting CVar [[r.SceneColorFormat:4]]
[2022.05.18-00.06.24:198][  0]LogConfig: Setting CVar [[r.DetailMode:2]]
[2022.05.18-00.06.24:198][  0]LogConfig: Setting CVar [[r.TranslucencyVolumeBlur:1]]
[2022.05.18-00.06.24:198][  0]LogConfig: Setting CVar [[r.MaterialQualityLevel:1 ; High quality]]
[2022.05.18-00.06.24:198][  0]LogConfig: Setting CVar [[r.SSS.Scale:1]]
[2022.05.18-00.06.24:198][  0]LogConfig: Setting CVar [[r.SSS.SampleSet:2]]
[2022.05.18-00.06.24:198][  0]LogConfig: Setting CVar [[r.SSS.Quality:1]]
[2022.05.18-00.06.24:198][  0]LogConfig: Setting CVar [[r.SSS.HalfRes:1]]
[2022.05.18-00.06.24:198][  0]LogConfig: Setting CVar [[r.SSGI.Quality:3]]
[2022.05.18-00.06.24:198][  0]LogConfig: Setting CVar [[r.EmitterSpawnRateScale:1.0]]
[2022.05.18-00.06.24:198][  0]LogConfig: Setting CVar [[r.ParticleLightQuality:2]]
[2022.05.18-00.06.24:198][  0]LogConfig: Setting CVar [[r.SkyAtmosphere.AerialPerspectiveLUT.FastApplyOnOpaque:1 ; Always have FastSkyLUT 1 in this case to avoid wrong sky]]
[2022.05.18-00.06.24:198][  0]LogConfig: Setting CVar [[r.SkyAtmosphere.AerialPerspectiveLUT.SampleCountPerSlice:1]]
[2022.05.18-00.06.24:198][  0]LogConfig: Setting CVar [[r.SkyAtmosphere.AerialPerspectiveLUT.DepthResolution:16.0]]
[2022.05.18-00.06.24:198][  0]LogConfig: Setting CVar [[r.SkyAtmosphere.FastSkyLUT:1]]
[2022.05.18-00.06.24:198][  0]LogConfig: Setting CVar [[r.SkyAtmosphere.FastSkyLUT.SampleCountMin:4.0]]
[2022.05.18-00.06.24:198][  0]LogConfig: Setting CVar [[r.SkyAtmosphere.FastSkyLUT.SampleCountMax:32.0]]
[2022.05.18-00.06.24:198][  0]LogConfig: Setting CVar [[r.SkyAtmosphere.SampleCountMin:4.0]]
[2022.05.18-00.06.24:198][  0]LogConfig: Setting CVar [[r.SkyAtmosphere.SampleCountMax:32.0]]
[2022.05.18-00.06.24:199][  0]LogConfig: Setting CVar [[r.SkyAtmosphere.TransmittanceLUT.UseSmallFormat:0]]
[2022.05.18-00.06.24:199][  0]LogConfig: Setting CVar [[r.SkyAtmosphere.TransmittanceLUT.SampleCount:10.0]]
[2022.05.18-00.06.24:199][  0]LogConfig: Setting CVar [[r.SkyAtmosphere.MultiScatteringLUT.SampleCount:15.0]]
[2022.05.18-00.06.24:199][  0]LogConfig: Applying CVar settings from Section [FoliageQuality@3] File [D:/Game_Design/goldsmiths class works/term2/game design/github/final_project_game_engine/finalproject/Saved/Config/Windows/Scalability.ini]
[2022.05.18-00.06.24:199][  0]LogConfig: Setting CVar [[foliage.DensityScale:1.0]]
[2022.05.18-00.06.24:199][  0]LogConfig: Setting CVar [[grass.DensityScale:1.0]]
[2022.05.18-00.06.24:199][  0]LogConfig: Applying CVar settings from Section [ShadingQuality@3] File [D:/Game_Design/goldsmiths class works/term2/game design/github/final_project_game_engine/finalproject/Saved/Config/Windows/Scalability.ini]
[2022.05.18-00.06.24:199][  0]LogConfig: Setting CVar [[r.HairStrands.SkyLighting.SampleCount:16]]
[2022.05.18-00.06.24:199][  0]LogConfig: Setting CVar [[r.HairStrands.SkyLighting.JitterIntegration:0]]
[2022.05.18-00.06.24:199][  0]LogConfig: Setting CVar [[r.HairStrands.SkyAO.SampleCount:16]]
[2022.05.18-00.06.24:199][  0]LogConfig: Applying CVar settings from Section [Startup] File [../../../Engine/Config/ConsoleVariables.ini]
[2022.05.18-00.06.24:200][  0]LogConfig: Setting CVar [[net.UseAdaptiveNetUpdateFrequency:0]]
[2022.05.18-00.06.24:200][  0]LogConfig: Setting CVar [[p.chaos.AllowCreatePhysxBodies:1]]
[2022.05.18-00.06.24:200][  0]LogConfig: Applying CVar settings from Section [ConsoleVariables] File [D:/Game_Design/goldsmiths class works/term2/game design/github/final_project_game_engine/finalproject/Saved/Config/Windows/Engine.ini]
[2022.05.18-00.06.24:200][  0]LogInit: Computer: ROG-G14
[2022.05.18-00.06.24:200][  0]LogInit: User: vgane
[2022.05.18-00.06.24:200][  0]LogInit: CPU Page size=4096, Cores=8
[2022.05.18-00.06.24:200][  0]LogInit: High frequency timer resolution =10.000000 MHz
[2022.05.18-00.06.24:200][  0]LogMemory: Memory total: Physical=31.4GB (32GB approx)
[2022.05.18-00.06.24:200][  0]LogMemory: Platform Memory Stats for Windows
[2022.05.18-00.06.24:200][  0]LogMemory: Process Physical Memory: 111.36 MB used, 111.36 MB peak
[2022.05.18-00.06.24:200][  0]LogMemory: Process Virtual Memory: 107.22 MB used, 107.22 MB peak
[2022.05.18-00.06.24:200][  0]LogMemory: Physical Memory: 7640.42 MB used,  24533.18 MB free, 32173.59 MB total
[2022.05.18-00.06.24:200][  0]LogMemory: Virtual Memory: 5230.45 MB used,  134212496.00 MB free, 134217728.00 MB total
[2022.05.18-00.06.24:202][  0]LogWindows: WindowsPlatformFeatures enabled
[2022.05.18-00.06.24:231][  0]LogInit: Using OS detected language (en-US).
[2022.05.18-00.06.24:231][  0]LogInit: Using OS detected locale (en-IN).
[2022.05.18-00.06.24:232][  0]LogTextLocalizationManager: No specific localization for 'en-US' exists, so the 'en' localization will be used.
[2022.05.18-00.06.24:377][  0]LogInit: Setting process to per monitor DPI aware
[2022.05.18-00.06.24:401][  0]LogSlate: New Slate User Created.  User Index 0, Is Virtual User: 0
[2022.05.18-00.06.24:401][  0]LogSlate: Slate User Registered.  User Index 0, Is Virtual User: 0
[2022.05.18-00.06.31:534][  0]LogHMD: Failed to initialize OpenVR with code 108
[2022.05.18-00.06.31:534][  0]LogD3D11RHI: D3D11 min allowed feature level: 11_0
[2022.05.18-00.06.31:534][  0]LogD3D11RHI: D3D11 max allowed feature level: 11_0
[2022.05.18-00.06.31:534][  0]LogD3D11RHI: D3D11 adapters:
[2022.05.18-00.06.31:620][  0]LogD3D11RHI:    0. 'NVIDIA GeForce RTX 2060 with Max-Q Design' (Feature Level 11_0)
[2022.05.18-00.06.31:620][  0]LogD3D11RHI:       5980/0/16086 MB DedicatedVideo/DedicatedSystem/SharedSystem, Outputs:1, VendorId:0x10de
[2022.05.18-00.06.31:657][  0]LogD3D11RHI:    1. 'AMD Radeon(TM) Graphics' (Feature Level 11_0)
[2022.05.18-00.06.31:657][  0]LogD3D11RHI:       495/0/16086 MB DedicatedVideo/DedicatedSystem/SharedSystem, Outputs:0, VendorId:0x1002
[2022.05.18-00.06.31:658][  0]LogD3D11RHI:    2. 'Microsoft Basic Render Driver' (Feature Level 11_0)
[2022.05.18-00.06.31:658][  0]LogD3D11RHI:       0/0/16086 MB DedicatedVideo/DedicatedSystem/SharedSystem, Outputs:0, VendorId:0x1414
[2022.05.18-00.06.31:658][  0]LogD3D11RHI: Chosen D3D11 Adapter: 0
[2022.05.18-00.06.31:665][  0]LogD3D11RHI: Creating new Direct3DDevice
[2022.05.18-00.06.31:665][  0]LogD3D11RHI:     GPU DeviceId: 0x1f12 (for the marketing name, search the web for "GPU Device Id")
[2022.05.18-00.06.31:665][  0]LogWindows: EnumDisplayDevices:
[2022.05.18-00.06.31:665][  0]LogWindows:    0. 'AMD Radeon(TM) Graphics' (P:1 D:1)
[2022.05.18-00.06.31:665][  0]LogWindows:    1. 'AMD Radeon(TM) Graphics' (P:0 D:0)
[2022.05.18-00.06.31:666][  0]LogWindows:    2. 'AMD Radeon(TM) Graphics' (P:0 D:0)
[2022.05.18-00.06.31:666][  0]LogWindows:    3. 'NVIDIA GeForce RTX 2060 with Max-Q Design' (P:0 D:0)
[2022.05.18-00.06.31:666][  0]LogWindows:    4. 'NVIDIA GeForce RTX 2060 with Max-Q Design' (P:0 D:0)
[2022.05.18-00.06.31:666][  0]LogWindows:    5. 'NVIDIA GeForce RTX 2060 with Max-Q Design' (P:0 D:0)
[2022.05.18-00.06.31:666][  0]LogWindows:    6. 'NVIDIA GeForce RTX 2060 with Max-Q Design' (P:0 D:0)
[2022.05.18-00.06.31:666][  0]LogWindows: DebugString: PrimaryIsNotTheChoosenAdapter PrimaryIsNotTheChoosenAdapter PrimaryIsNotTheChoosenAdapter FoundDriverCount:4 
[2022.05.18-00.06.31:666][  0]LogD3D11RHI:     Adapter Name: NVIDIA GeForce RTX 2060 with Max-Q Design
[2022.05.18-00.06.31:666][  0]LogD3D11RHI:   Driver Version: 512.77 (internal:30.0.15.1277, unified:512.77)
[2022.05.18-00.06.31:666][  0]LogD3D11RHI:      Driver Date: 5-4-2022
[2022.05.18-00.06.31:666][  0]LogRHI: Texture pool is 4186 MB (70% of 5980 MB)
[2022.05.18-00.06.31:711][  0]LogD3D11RHI: RHI has support for 64 bit atomics
[2022.05.18-00.06.31:711][  0]LogD3D11RHI: Async texture creation enabled
[2022.05.18-00.06.31:726][  0]LogD3D11RHI: GPU Timing Frequency: 1000.000000 (Debug: 2 1)
[2022.05.18-00.06.31:956][  0]LogTargetPlatformManager: Display: Loaded TargetPlatform 'AllDesktop'
[2022.05.18-00.06.31:985][  0]LogTargetPlatformManager: Display: Loaded TargetPlatform 'Android'
[2022.05.18-00.06.31:985][  0]LogTargetPlatformManager: Display: Loaded TargetPlatform 'Android_ASTC'
[2022.05.18-00.06.31:985][  0]LogTargetPlatformManager: Display: Loaded TargetPlatform 'Android_ATC'
[2022.05.18-00.06.31:985][  0]LogTargetPlatformManager: Display: Loaded TargetPlatform 'Android_DXT'
[2022.05.18-00.06.31:985][  0]LogTargetPlatformManager: Display: Loaded TargetPlatform 'Android_ETC1'
[2022.05.18-00.06.31:985][  0]LogTargetPlatformManager: Display: Loaded TargetPlatform 'Android_ETC1a'
[2022.05.18-00.06.31:985][  0]LogTargetPlatformManager: Display: Loaded TargetPlatform 'Android_ETC2'
[2022.05.18-00.06.31:985][  0]LogTargetPlatformManager: Display: Loaded TargetPlatform 'Android_PVRTC'
[2022.05.18-00.06.31:985][  0]LogTargetPlatformManager: Display: Loaded TargetPlatform 'AndroidClient'
[2022.05.18-00.06.31:985][  0]LogTargetPlatformManager: Display: Loaded TargetPlatform 'Android_ASTCClient'
[2022.05.18-00.06.31:985][  0]LogTargetPlatformManager: Display: Loaded TargetPlatform 'Android_ATCClient'
[2022.05.18-00.06.31:985][  0]LogTargetPlatformManager: Display: Loaded TargetPlatform 'Android_DXTClient'
[2022.05.18-00.06.31:985][  0]LogTargetPlatformManager: Display: Loaded TargetPlatform 'Android_ETC1Client'
[2022.05.18-00.06.31:985][  0]LogTargetPlatformManager: Display: Loaded TargetPlatform 'Android_ETC1aClient'
[2022.05.18-00.06.31:985][  0]LogTargetPlatformManager: Display: Loaded TargetPlatform 'Android_ETC2Client'
[2022.05.18-00.06.31:985][  0]LogTargetPlatformManager: Display: Loaded TargetPlatform 'Android_PVRTCClient'
[2022.05.18-00.06.31:985][  0]LogTargetPlatformManager: Display: Loaded TargetPlatform 'Android_Multi'
[2022.05.18-00.06.31:985][  0]LogTargetPlatformManager: Display: Loaded TargetPlatform 'Android_MultiClient'
[2022.05.18-00.06.32:006][  0]LogTargetPlatformManager: Display: Loaded TargetPlatform 'IOSClient'
[2022.05.18-00.06.32:006][  0]LogTargetPlatformManager: Display: Loaded TargetPlatform 'IOS'
[2022.05.18-00.06.32:013][  0]LogTargetPlatformManager: Display: Loaded TargetPlatform 'LinuxNoEditor'
[2022.05.18-00.06.32:020][  0]LogTargetPlatformManager: Display: Loaded TargetPlatform 'LinuxClient'
[2022.05.18-00.06.32:028][  0]LogTargetPlatformManager: Display: Loaded TargetPlatform 'LinuxServer'
[2022.05.18-00.06.32:036][  0]LogTargetPlatformManager: Display: Loaded TargetPlatform 'LinuxAArch64NoEditor'
[2022.05.18-00.06.32:043][  0]LogTargetPlatformManager: Display: Loaded TargetPlatform 'LinuxAArch64Client'
[2022.05.18-00.06.32:051][  0]LogTargetPlatformManager: Display: Loaded TargetPlatform 'LinuxAArch64Server'
[2022.05.18-00.06.32:079][  0]LogTargetPlatformManager: Display: Loaded TargetPlatform 'Lumin'
[2022.05.18-00.06.32:079][  0]LogTargetPlatformManager: Display: Loaded TargetPlatform 'LuminClient'
[2022.05.18-00.06.32:095][  0]LogTargetPlatformManager: Display: Loaded TargetPlatform 'TVOSClient'
[2022.05.18-00.06.32:095][  0]LogTargetPlatformManager: Display: Loaded TargetPlatform 'TVOS'
[2022.05.18-00.06.32:103][  0]LogTargetPlatformManager: Display: Loaded TargetPlatform 'WindowsNoEditor'
[2022.05.18-00.06.32:110][  0]LogTargetPlatformManager: Display: Loaded TargetPlatform 'Windows'
[2022.05.18-00.06.32:118][  0]LogTargetPlatformManager: Display: Loaded TargetPlatform 'WindowsClient'
[2022.05.18-00.06.32:125][  0]LogTargetPlatformManager: Display: Loaded TargetPlatform 'WindowsServer'
[2022.05.18-00.06.32:125][  0]LogTargetPlatformManager: Display: Building Assets For Windows
[2022.05.18-00.06.32:127][  0]LogAudioDebug: Display: Lib vorbis DLL was dynamically loaded.
[2022.05.18-00.06.32:145][  0]LogShaderCompilers: Guid format shader working directory is -56 characters bigger than the processId version (D:/Game_Design/goldsmiths class works/term2/game design/github/final_project_game_engine/finalproject/Intermediate/Shaders/WorkingDirectory/22192/).
[2022.05.18-00.06.32:146][  0]LogShaderCompilers: Cleaned the shader compiler working directory 'C:/Users/vgane/AppData/Local/Temp/UnrealShaderWorkingDir/1119D8B240D7B410E1BDA4B59F6A6188/'.
[2022.05.18-00.06.32:146][  0]LogXGEController: Cannot use XGE Controller as Incredibuild is not installed on this machine.
[2022.05.18-00.06.32:146][  0]LogShaderCompilers: Cannot use XGE Shader Compiler as Incredibuild is not installed on this machine.
[2022.05.18-00.06.32:146][  0]LogShaderCompilers: Display: Using Local Shader Compiler.
[2022.05.18-00.06.32:707][  0]LogDerivedDataCache: Display: Max Cache Size: 512 MB
[2022.05.18-00.06.32:744][  0]LogDerivedDataCache: Loaded boot cache 0.04s 81MB C:/Users/vgane/AppData/Local/UnrealEngine/4.24/DerivedDataCache/Boot.ddc.
[2022.05.18-00.06.32:744][  0]LogDerivedDataCache: Display: Loaded Boot cache: C:/Users/vgane/AppData/Local/UnrealEngine/4.24/DerivedDataCache/Boot.ddc
[2022.05.18-00.06.32:744][  0]LogDerivedDataCache: FDerivedDataBackendGraph:  Pak pak cache file D:/Game_Design/goldsmiths class works/term2/game design/github/final_project_game_engine/finalproject/DerivedDataCache/DDC.ddp not found, will not use a pak cache.
[2022.05.18-00.06.32:744][  0]LogDerivedDataCache: Unable to find inner node Pak for hierarchical cache Hierarchy.
[2022.05.18-00.06.32:744][  0]LogDerivedDataCache: FDerivedDataBackendGraph:  CompressedPak pak cache file D:/Game_Design/goldsmiths class works/term2/game design/github/final_project_game_engine/finalproject/DerivedDataCache/Compressed.ddp not found, will not use a pak cache.
[2022.05.18-00.06.32:744][  0]LogDerivedDataCache: Unable to find inner node CompressedPak for hierarchical cache Hierarchy.
[2022.05.18-00.06.32:753][  0]LogDerivedDataCache: Display: Pak cache opened for reading ../../../Engine/DerivedDataCache/Compressed.ddp.
[2022.05.18-00.06.32:754][  0]LogDerivedDataCache: FDerivedDataBackendGraph:  EnterprisePak pak cache file ../../../Enterprise/DerivedDataCache/Compressed.ddp not found, will not use a pak cache.
[2022.05.18-00.06.32:754][  0]LogDerivedDataCache: Unable to find inner node EnterprisePak for hierarchical cache Hierarchy.
[2022.05.18-00.06.32:755][  0]LogDerivedDataCache: Using Local data cache path C:/Users/vgane/AppData/Local/UnrealEngine/Common/DerivedDataCache: Writable
[2022.05.18-00.06.32:755][  0]LogDerivedDataCache: Shared data cache path not found in *engine.ini, will not use an Shared cache.
[2022.05.18-00.06.32:755][  0]LogDerivedDataCache: Unable to find inner node Shared for hierarchical cache Hierarchy.
[2022.05.18-00.06.32:779][  0]LogMaterial: Verifying Global Shaders for PCD3D_SM5
[2022.05.18-00.06.32:781][  0]LogSlate: Using FreeType 2.10.0
[2022.05.18-00.06.32:781][  0]LogSlate: SlateFontServices - WITH_FREETYPE: 1, WITH_HARFBUZZ: 1
[2022.05.18-00.06.32:822][  0]LogAssetRegistry: FAssetRegistry took 0.0026 seconds to start up
[2022.05.18-00.06.33:063][  0]LogInit: Selected Device Profile: [Windows]
[2022.05.18-00.06.33:187][  0]LogMeshReduction: Using QuadricMeshReduction for automatic static mesh reduction
[2022.05.18-00.06.33:187][  0]LogMeshReduction: Using SimplygonMeshReduction for automatic skeletal mesh reduction
[2022.05.18-00.06.33:187][  0]LogMeshReduction: Using ProxyLODMeshReduction for automatic mesh merging
[2022.05.18-00.06.33:187][  0]LogMeshReduction: No distributed automatic mesh merging module available
[2022.05.18-00.06.33:187][  0]LogMeshMerging: No distributed automatic mesh merging module available
[2022.05.18-00.06.33:197][  0]LogNetVersion: finalproject 1.0.0, NetCL: 10570792, EngineNetVer: 13, GameNetVer: 0 (Checksum: 3229368434)
[2022.05.18-00.06.34:002][  0]LogPackageLocalizationCache: Processed 10 localized package path(s) for 1 prioritized culture(s) in 0.034560 seconds
[2022.05.18-00.06.34:010][  0]LogUObjectArray: 46750 objects as part of root set at end of initial load.
[2022.05.18-00.06.34:010][  0]LogUObjectAllocator: 8137160 out of 0 bytes used by permanent object pool.
[2022.05.18-00.06.34:010][  0]LogUObjectArray: CloseDisregardForGC: 0/0 objects in disregard for GC pool
[2022.05.18-00.06.34:359][  0]LogTcpMessaging: Initializing TcpMessaging bridge
[2022.05.18-00.06.34:362][  0]LogUdpMessaging: Initializing bridge on interface 0.0.0.0:0 to multicast group 230.0.0.1:6666.
[2022.05.18-00.06.34:408][  0]SourceControl: Source control is disabled
[2022.05.18-00.06.34:408][  0]SourceControl: Source control is disabled
[2022.05.18-00.06.34:409][  0]SourceControl: Source control is disabled
[2022.05.18-00.06.34:409][  0]SourceControl: Source control is disabled
[2022.05.18-00.06.34:410][  0]SourceControl: Source control is disabled
[2022.05.18-00.06.34:478][  0]LogAndroidPermission: UAndroidPermissionCallbackProxy::GetInstance
[2022.05.18-00.06.34:489][  0]LogAudioCaptureCore: Display: No Audio Capture implementations found. Audio input will be silent.
[2022.05.18-00.06.34:489][  0]LogAudioCaptureCore: Display: No Audio Capture implementations found. Audio input will be silent.
[2022.05.18-00.06.34:561][  0]LogOcInput: OculusInput pre-init called
[2022.05.18-00.06.35:027][  0]LogEngine: Initializing Engine...
[2022.05.18-00.06.35:084][  0]LogHMD: Failed to initialize OpenVR with code 108
[2022.05.18-00.06.35:085][  0]LogStats: UGameplayTagsManager::InitializeManager -  0.000 s
[2022.05.18-00.06.35:356][  0]LogInit: Initializing FReadOnlyCVARCache
[2022.05.18-00.06.35:361][  0]LogAIModule: Creating AISystem for world Untitled
[2022.05.18-00.06.35:373][  0]LogAudioMixer: Display: Audio Mixer Platform Settings:
[2022.05.18-00.06.35:373][  0]LogAudioMixer: Display: 	Sample Rate:						  48000
[2022.05.18-00.06.35:373][  0]LogAudioMixer: Display: 	Callback Buffer Frame Size Requested: 1024
[2022.05.18-00.06.35:373][  0]LogAudioMixer: Display: 	Callback Buffer Frame Size To Use:	  1024
[2022.05.18-00.06.35:373][  0]LogAudioMixer: Display: 	Number of buffers to queue:			  2
[2022.05.18-00.06.35:373][  0]LogAudioMixer: Display: 	Max Channels (voices):				  32
[2022.05.18-00.06.35:373][  0]LogAudioMixer: Display: 	Number of Async Source Workers:		  0
[2022.05.18-00.06.35:373][  0]LogAudio: Display: AudioDevice MaxSources: 32
[2022.05.18-00.06.35:373][  0]LogAudio: Display: Using built-in audio occlusion.
[2022.05.18-00.06.35:373][  0]LogAudioMixer: Display: Initializing audio mixer.
[2022.05.18-00.06.35:386][  0]LogAudioMixer: Display: Audio Device Output Speaker Info:
[2022.05.18-00.06.35:386][  0]LogAudioMixer: Display: Name: 1 - VG279 (AMD High Definition Audio Device)
[2022.05.18-00.06.35:386][  0]LogAudioMixer: Display: Is Default: Yes
[2022.05.18-00.06.35:386][  0]LogAudioMixer: Display: Sample Rate: 48000
[2022.05.18-00.06.35:386][  0]LogAudioMixer: Display: Channel Count Used: 2
[2022.05.18-00.06.35:386][  0]LogAudioMixer: Display: Device Channel Count: 2
[2022.05.18-00.06.35:386][  0]LogAudioMixer: Display: Channel Order:
[2022.05.18-00.06.35:386][  0]LogAudioMixer: Display: 0: FrontLeft
[2022.05.18-00.06.35:386][  0]LogAudioMixer: Display: 1: FrontRight
[2022.05.18-00.06.35:406][  0]LogAudioMixer: Display: Using Audio Device 1 - VG279 (AMD High Definition Audio Device)
[2022.05.18-00.06.35:408][  0]LogInit: FAudioDevice initialized.
[2022.05.18-00.06.35:408][  0]LogNetVersion: Set ProjectVersion to 1.0.0.0. Version Checksum will be recalculated on next use.
[2022.05.18-00.06.35:452][  0]LogDerivedDataCache: Saved boot cache 0.04s 81MB C:/Users/vgane/AppData/Local/UnrealEngine/4.24/DerivedDataCache/Boot.ddc.
[2022.05.18-00.06.35:452][  0]LogInit: Texture streaming: Enabled
[2022.05.18-00.06.35:461][  0]LogEngineSessionManager: EngineSessionManager initialized
[2022.05.18-00.06.35:461][  0]LogEditorSessionSummary: Verbose: Initializing EditorSessionSummaryWriter for editor session tracking
[2022.05.18-00.06.35:462][  0]LogEditorSessionSummary: EditorSessionSummaryWriter initialized
[2022.05.18-00.06.35:488][  0]LogInit: Transaction tracking system initialized
[2022.05.18-00.06.35:497][  0]BlueprintLog: New page: Editor Load
[2022.05.18-00.06.35:522][  0]LocalizationService: Localization service is disabled
[2022.05.18-00.06.35:749][  0]LogFileCache: Scanning file cache for directory 'D:/Game_Design/goldsmiths class works/term2/game design/github/final_project_game_engine/finalproject/Content/' took 0.00s
[2022.05.18-00.06.35:749][  0]LogCook: Display: Max memory allowance for cook 16384mb min free memory 0mb
[2022.05.18-00.06.35:749][  0]LogCook: Display: Mobile HDR setting 1
[2022.05.18-00.06.36:220][  0]SourceControl: Source control is disabled
[2022.05.18-00.06.36:220][  0]Cmd: MAP LOAD FILE="../../../Engine/Content/Maps/Templates/Template_Default.umap" TEMPLATE=1 SHOWPROGRESS=1 FEATURELEVEL=3
[2022.05.18-00.06.36:220][  0]LightingResults: New page: Lighting Build
[2022.05.18-00.06.36:220][  0]LogWorld: UWorld::CleanupWorld for Untitled, bSessionEnded=true, bCleanupResources=true
[2022.05.18-00.06.36:221][  0]LogSlate: InvalidateAllWidgets triggered.  All widgets were invalidated
[2022.05.18-00.06.36:221][  0]MapCheck: New page: Map Check
[2022.05.18-00.06.36:221][  0]LightingResults: New page: Lighting Build
[2022.05.18-00.06.36:244][  0]LogUObjectHash: Compacting FUObjectHashTables data took   1.58ms
[2022.05.18-00.06.36:307][  0]LogAIModule: Creating AISystem for world Untitled_1
[2022.05.18-00.06.36:310][  0]LogEditorServer: Finished looking for orphan Actors (0.000 secs)
[2022.05.18-00.06.36:333][  0]LogUObjectHash: Compacting FUObjectHashTables data took   1.87ms
[2022.05.18-00.06.36:333][  0]Cmd: MAP CHECKDEP NOCLEARLOG
[2022.05.18-00.06.36:333][  0]MapCheck: Map check complete: 0 Error(s), 0 Warning(s), took 0.092ms to complete.
[2022.05.18-00.06.36:333][  0]LogFileHelpers: Loading map 'Template_Default' took 0.114
[2022.05.18-00.06.36:483][  0]LogSlate: Updating window title bar state: overlay mode, drag disabled, window buttons hidden, title bar hidden
[2022.05.18-00.06.36:490][  0]LogSlate: Updating window title bar state: overlay mode, drag disabled, window buttons hidden, title bar hidden
[2022.05.18-00.06.36:495][  0]LogSlate: Updating window title bar state: overlay mode, drag disabled, window buttons hidden, title bar hidden
[2022.05.18-00.06.36:501][  0]LogSlate: Updating window title bar state: overlay mode, drag disabled, window buttons hidden, title bar hidden
[2022.05.18-00.06.36:513][  0]LogCollectionManager: Loaded 0 collections in 0.001455 seconds
[2022.05.18-00.06.36:536][  0]LogFileCache: Scanning file cache for directory 'D:/Game_Design/goldsmiths class works/term2/game design/github/final_project_game_engine/finalproject/Saved/Collections/' took 0.00s
[2022.05.18-00.06.36:536][  0]LogFileCache: Scanning file cache for directory 'D:/Game_Design/goldsmiths class works/term2/game design/github/final_project_game_engine/finalproject/Content/Developers/vgane/Collections/' took 0.00s
[2022.05.18-00.06.36:536][  0]LogFileCache: Scanning file cache for directory 'D:/Game_Design/goldsmiths class works/term2/game design/github/final_project_game_engine/finalproject/Content/Collections/' took 0.00s
[2022.05.18-00.06.36:536][  0]LogContentBrowser: Native class hierarchy populated in 0.0075 seconds. Added 3015 classes and 717 folders.
[2022.05.18-00.06.36:542][  0]LogContentBrowser: Native class hierarchy updated for 'WidgetCarousel' in 0.0003 seconds. Added 0 classes and 0 folders.
[2022.05.18-00.06.36:796][  0]LogContentBrowser: Native class hierarchy updated for 'AddContentDialog' in 0.0002 seconds. Added 0 classes and 0 folders.
[2022.05.18-00.06.36:816][  0]LogContentBrowser: Native class hierarchy updated for 'SceneOutliner' in 0.0003 seconds. Added 2 classes and 3 folders.
[2022.05.18-00.06.36:958][  0]LogSlate: Took 0.000173 seconds to synchronously load lazily loaded font '../../../Engine/Content/Slate/Fonts/Roboto-Regular.ttf' (155K)
[2022.05.18-00.06.36:960][  0]LogSlate: Took 0.000161 seconds to synchronously load lazily loaded font '../../../Engine/Content/Slate/Fonts/Roboto-Bold.ttf' (160K)
[2022.05.18-00.06.36:970][  0]LogSlate: Took 0.005355 seconds to synchronously load lazily loaded font '../../../Engine/Content/Editor/Slate/Fonts/FontAwesome.ttf' (139K)
[2022.05.18-00.06.37:091][  0]LogRenderer: Reallocating scene render targets to support 1080x568 Format 10 NumSamples 1 (Frame:1).
[2022.05.18-00.06.37:208][  0]LogContentBrowser: Native class hierarchy updated for 'HierarchicalLODOutliner' in 0.0002 seconds. Added 0 classes and 0 folders.
[2022.05.18-00.06.37:208][  0]LogLoad: (Engine Initialization) Total time: 14.94 seconds
[2022.05.18-00.06.37:208][  0]LogLoad: (Engine Initialization) Total Blueprint compile time: 0.00 seconds
[2022.05.18-00.06.37:243][  0]LogAssetRegistry: Asset discovery search completed in 4.4216 seconds
[2022.05.18-00.06.37:246][  0]LogCollectionManager: Fixed up redirectors for 0 collections in 0.000007 seconds (updated 0 objects)
[2022.05.18-00.06.37:247][  0]LogContentStreaming: Texture pool size now 1000 MB
[2022.05.18-00.06.37:318][  0]LogSlate: Took 0.003973 seconds to synchronously load lazily loaded font '../../../Engine/Content/Slate/Fonts/Roboto-Light.ttf' (167K)
[2022.05.18-00.06.44:405][128]LogRenderer: Reallocating scene render targets to support 1080x592 Format 10 NumSamples 1 (Frame:114).
[2022.05.18-00.06.44:488][130]LogRenderer: Reallocating scene render targets to support 1080x604 Format 10 NumSamples 1 (Frame:118).
[2022.05.18-00.06.44:536][131]LogRenderer: Reallocating scene render targets to support 1080x612 Format 10 NumSamples 1 (Frame:120).
[2022.05.18-00.06.44:578][132]LogRenderer: Reallocating scene render targets to support 1080x620 Format 10 NumSamples 1 (Frame:122).
[2022.05.18-00.06.44:619][133]LogRenderer: Reallocating scene render targets to support 1080x624 Format 10 NumSamples 1 (Frame:124).
[2022.05.18-00.06.44:653][134]LogRenderer: Reallocating scene render targets to support 1080x632 Format 10 NumSamples 1 (Frame:126).
[2022.05.18-00.06.44:692][135]LogRenderer: Reallocating scene render targets to support 1080x636 Format 10 NumSamples 1 (Frame:128).
[2022.05.18-00.06.44:731][136]LogRenderer: Reallocating scene render targets to support 1080x644 Format 10 NumSamples 1 (Frame:130).
[2022.05.18-00.06.44:770][137]LogRenderer: Reallocating scene render targets to support 1080x648 Format 10 NumSamples 1 (Frame:132).
[2022.05.18-00.06.44:796][138]LogRenderer: Reallocating scene render targets to support 1080x652 Format 10 NumSamples 1 (Frame:134).
[2022.05.18-00.06.44:891][141]LogRenderer: Reallocating scene render targets to support 1080x656 Format 10 NumSamples 1 (Frame:138).
[2022.05.18-00.06.44:947][143]LogRenderer: Reallocating scene render targets to support 1080x660 Format 10 NumSamples 1 (Frame:142).
[2022.05.18-00.06.44:974][145]LogRenderer: Reallocating scene render targets to support 1080x664 Format 10 NumSamples 1 (Frame:144).
[2022.05.18-00.06.45:023][147]LogRenderer: Reallocating scene render targets to support 1080x668 Format 10 NumSamples 1 (Frame:148).
[2022.05.18-00.06.45:067][149]LogRenderer: Reallocating scene render targets to support 1080x672 Format 10 NumSamples 1 (Frame:152).
[2022.05.18-00.06.45:111][151]LogRenderer: Reallocating scene render targets to support 1080x676 Format 10 NumSamples 1 (Frame:156).
[2022.05.18-00.06.45:146][153]LogRenderer: Reallocating scene render targets to support 1080x680 Format 10 NumSamples 1 (Frame:160).
[2022.05.18-00.06.45:218][159]LogRenderer: Reallocating scene render targets to support 1080x684 Format 10 NumSamples 1 (Frame:164).
[2022.05.18-00.06.45:256][162]LogRenderer: Reallocating scene render targets to support 1080x688 Format 10 NumSamples 1 (Frame:168).
[2022.05.18-00.06.45:309][166]LogRenderer: Reallocating scene render targets to support 1080x692 Format 10 NumSamples 1 (Frame:172).
[2022.05.18-00.06.45:390][174]LogRenderer: Reallocating scene render targets to support 1080x696 Format 10 NumSamples 1 (Frame:176).
[2022.05.18-00.06.45:476][183]LogRenderer: Reallocating scene render targets to support 1080x700 Format 10 NumSamples 1 (Frame:180).
[2022.05.18-00.06.45:577][193]LogRenderer: Reallocating scene render targets to support 1080x704 Format 10 NumSamples 1 (Frame:184).
[2022.05.18-00.06.48:588][549]LogRenderer: Reallocating scene render targets to support 1084x704 Format 10 NumSamples 1 (Frame:376).
[2022.05.18-00.06.48:607][550]LogRenderer: Reallocating scene render targets to support 1088x704 Format 10 NumSamples 1 (Frame:378).
[2022.05.18-00.06.48:639][552]LogRenderer: Reallocating scene render targets to support 1092x704 Format 10 NumSamples 1 (Frame:382).
[2022.05.18-00.06.48:684][554]LogRenderer: Reallocating scene render targets to support 1096x704 Format 10 NumSamples 1 (Frame:386).
[2022.05.18-00.06.48:706][555]LogRenderer: Reallocating scene render targets to support 1100x704 Format 10 NumSamples 1 (Frame:388).
[2022.05.18-00.06.48:724][556]LogRenderer: Reallocating scene render targets to support 1108x704 Format 10 NumSamples 1 (Frame:390).
[2022.05.18-00.06.48:747][557]LogRenderer: Reallocating scene render targets to support 1116x704 Format 10 NumSamples 1 (Frame:392).
[2022.05.18-00.06.48:769][558]LogRenderer: Reallocating scene render targets to support 1124x704 Format 10 NumSamples 1 (Frame:394).
[2022.05.18-00.06.48:797][559]LogRenderer: Reallocating scene render targets to support 1140x704 Format 10 NumSamples 1 (Frame:396).
[2022.05.18-00.06.48:815][560]LogRenderer: Reallocating scene render targets to support 1152x704 Format 10 NumSamples 1 (Frame:398).
[2022.05.18-00.06.48:834][561]LogRenderer: Reallocating scene render targets to support 1160x704 Format 10 NumSamples 1 (Frame:400).
[2022.05.18-00.06.48:860][562]LogRenderer: Reallocating scene render targets to support 1168x704 Format 10 NumSamples 1 (Frame:402).
[2022.05.18-00.06.48:880][563]LogRenderer: Reallocating scene render targets to support 1180x704 Format 10 NumSamples 1 (Frame:404).
[2022.05.18-00.06.48:905][564]LogRenderer: Reallocating scene render targets to support 1192x704 Format 10 NumSamples 1 (Frame:406).
[2022.05.18-00.06.48:926][565]LogRenderer: Reallocating scene render targets to support 1196x704 Format 10 NumSamples 1 (Frame:408).
[2022.05.18-00.06.48:946][566]LogRenderer: Reallocating scene render targets to support 1204x704 Format 10 NumSamples 1 (Frame:410).
[2022.05.18-00.06.48:970][567]LogRenderer: Reallocating scene render targets to support 1208x704 Format 10 NumSamples 1 (Frame:412).
[2022.05.18-00.06.48:993][568]LogRenderer: Reallocating scene render targets to support 1212x704 Format 10 NumSamples 1 (Frame:414).
[2022.05.18-00.06.49:014][569]LogRenderer: Reallocating scene render targets to support 1216x704 Format 10 NumSamples 1 (Frame:416).
[2022.05.18-00.06.49:048][571]LogRenderer: Reallocating scene render targets to support 1220x704 Format 10 NumSamples 1 (Frame:420).
[2022.05.18-00.06.49:076][573]LogRenderer: Reallocating scene render targets to support 1224x704 Format 10 NumSamples 1 (Frame:422).
[2022.05.18-00.06.49:178][583]LogRenderer: Reallocating scene render targets to support 1228x704 Format 10 NumSamples 1 (Frame:426).
[2022.05.18-00.06.49:220][585]LogRenderer: Reallocating scene render targets to support 1232x704 Format 10 NumSamples 1 (Frame:430).
[2022.05.18-00.06.49:280][590]LogRenderer: Reallocating scene render targets to support 1236x704 Format 10 NumSamples 1 (Frame:434).
[2022.05.18-00.06.49:587][625]LogRenderer: Reallocating scene render targets to support 1240x704 Format 10 NumSamples 1 (Frame:438).
[2022.05.18-00.07.00:563][899]LogRenderer: Reallocating scene render targets to support 1244x704 Format 10 NumSamples 1 (Frame:1282).
[2022.05.18-00.07.01:010][948]LogRenderer: Reallocating scene render targets to support 1248x704 Format 10 NumSamples 1 (Frame:1290).
[2022.05.18-00.07.01:070][951]LogRenderer: Reallocating scene render targets to support 1252x704 Format 10 NumSamples 1 (Frame:1296).
[2022.05.18-00.26.55:193][448]LogAudioMixer: Warning: Changing default audio render device to new device: {0.0.0.00000000}.{233abccb-458b-4b63-a062-ab68c0d3af5a}.
[2022.05.18-00.26.55:193][448]LogTemp: Resetting audio stream to device id 
[2022.05.18-00.26.55:201][448]LogAudioMixer: Display: Audio Device Output Speaker Info:
[2022.05.18-00.26.55:201][448]LogAudioMixer: Display: Name: Speakers (Realtek(R) Audio)
[2022.05.18-00.26.55:201][448]LogAudioMixer: Display: Is Default: Yes
[2022.05.18-00.26.55:201][448]LogAudioMixer: Display: Sample Rate: 48000
[2022.05.18-00.26.55:201][448]LogAudioMixer: Display: Channel Count Used: 2
[2022.05.18-00.26.55:201][448]LogAudioMixer: Display: Device Channel Count: 2
[2022.05.18-00.26.55:201][448]LogAudioMixer: Display: Channel Order:
[2022.05.18-00.26.55:201][448]LogAudioMixer: Display: 0: FrontLeft
[2022.05.18-00.26.55:201][448]LogAudioMixer: Display: 1: FrontRight
[2022.05.18-00.42.21:205][214]LogAudioMixer: Warning: Changing default audio render device to new device: {0.0.0.00000000}.{7710b09d-44ce-4fe2-aec4-e02f86aa00b2}.
[2022.05.18-00.42.21:205][214]LogTemp: Resetting audio stream to device id 
[2022.05.18-00.42.21:224][214]LogAudioMixer: Display: Audio Device Output Speaker Info:
[2022.05.18-00.42.21:224][214]LogAudioMixer: Display: Name: 1 - VG279 (AMD High Definition Audio Device)
[2022.05.18-00.42.21:224][214]LogAudioMixer: Display: Is Default: Yes
[2022.05.18-00.42.21:224][214]LogAudioMixer: Display: Sample Rate: 48000
[2022.05.18-00.42.21:224][214]LogAudioMixer: Display: Channel Count Used: 2
[2022.05.18-00.42.21:224][214]LogAudioMixer: Display: Device Channel Count: 2
[2022.05.18-00.42.21:224][214]LogAudioMixer: Display: Channel Order:
[2022.05.18-00.42.21:224][214]LogAudioMixer: Display: 0: FrontLeft
[2022.05.18-00.42.21:224][214]LogAudioMixer: Display: 1: FrontRight
